<?xml version="1.0" encoding="UTF-8"?>
<!-- Generated by org.testng.reporters.JUnitReportReporter -->
<testsuite hostname="LTIN518485" failures="0" tests="5" name="Global_IT.GlobalITTest" time="88.749" errors="0" timestamp="2024-06-05T16:23:10 IST" skipped="0">
  <testcase classname="Global_IT.GlobalITTest" name="navigateGlobalITPage" time="13.159"/>
  <system-out/>
  <testcase classname="Global_IT.GlobalITTest" name="validateProfile" time="8.701"/>
  <system-out/>
  <testcase classname="Global_IT.GlobalITTest" name="validateTools" time="5.569"/>
  <system-out/>
  <testcase classname="Global_IT.GlobalITTest" name="validateNews" time="23.251"/>
  <system-out/>
  <testcase classname="Global_IT.GlobalITTest" name="validateAwards" time="38.069"/>
  <system-out/>
</testsuite> <!-- Global_IT.GlobalITTest -->
