<?xml version="1.0" encoding="UTF-8"?>
<!-- Generated by org.testng.reporters.JUnitReportReporter -->
<testsuite hostname="LTIN518485" failures="0" tests="3" name="Global_IT.TestCase1" time="16.291" errors="0" timestamp="2024-05-30T14:29:46 IST" skipped="0">
  <testcase classname="Global_IT.TestCase1" name="DriverSetup" time="4.769"/>
  <system-out/>
  <testcase classname="Global_IT.TestCase1" name="OpenApplication" time="2.334"/>
  <system-out/>
  <testcase classname="Global_IT.TestCase1" name="CaptureProfileInfo" time="9.188"/>
  <system-out/>
</testsuite> <!-- Global_IT.TestCase1 -->
